2024-01-17 23:02:59,426 [INFO] main.views: root deleted router with sn: ezadsq-1eza - emei : ezad-dsqeza-1dsq
2024-01-17 23:03:00,649 [INFO] main.views: root deleted router with sn: dsqc-xw1eza - emei : 1dsq-eza
2024-01-17 23:03:01,134 [INFO] main.views: root deleted router with sn: dsq-1dsq - emei : ezadsqeza
2024-01-17 23:03:01,514 [INFO] main.views: root deleted router with sn: dsqcxw41d-1dsq - emei : 1dsq-1eza
2024-01-17 23:03:02,545 [INFO] main.views: root deleted router with sn: dsq-1eza-1d - emei : d1sqeza
2024-01-17 23:03:03,114 [INFO] main.views: root deleted router with sn: dsqcxw41d-1dsq - emei : 1dsq-1eza
2024-01-17 23:03:03,697 [INFO] main.views: root deleted router with sn: dsq1-d1c1-ez1d - emei : eza1d-1-eza1dsq
2024-01-17 23:03:04,070 [INFO] main.views: root deleted router with sn: dsq1-eza1dsq-eza1-dsqez - emei : d560-za0d-eza
2024-01-17 23:03:05,812 [INFO] main.views: root deleted router with sn: eza-dsq1-eza1dsq-ez - emei : e1za-dsq
2024-01-17 23:03:06,288 [INFO] main.views: root deleted router with sn: eza-ds1q-eza1dsq-dsq - emei : eza1dsq-eza
2024-01-17 23:03:06,622 [INFO] main.views: root deleted router with sn: dsq1-eza1dsq-eza1 - emei : d560-za0d-eza
2024-01-17 23:03:07,185 [INFO] main.views: root deleted router with sn: eza-dsq1e-za1dsq-1 - emei : e1za-ds1q
2024-01-17 23:03:09,309 [INFO] main.views: root deleted router with sn: eza1-s1ez1 - emei : e1zadsq
2024-01-17 23:03:09,712 [INFO] main.views: root deleted router with sn: dsq15za-dsq21eza-ds1q-eza1d - emei : ezadsq4eza
2024-01-17 23:03:10,145 [INFO] main.views: root deleted router with sn: ezad-151eza-d1sqe - emei : eza51d61deza
2024-01-17 23:03:10,507 [INFO] main.views: root deleted router with sn: ezadsqezad - emei : ezadsq-dsq-eza4ds-azdsq
2024-01-17 23:03:12,529 [INFO] main.views: root deleted router with sn: dsq151-zea1dsq-e1za-d - emei : 1eza561ds
2024-01-17 23:03:12,981 [INFO] main.views: root deleted router with sn: ezad-e151ezad - emei : ezadsqeza
2024-01-17 23:08:16,227 [INFO] main.views: root deleted router with sn: ezadsq-eza-dsq - emei : ezadsqeza
2024-01-17 23:08:16,440 [INFO] main.views: root deleted router with sn: ezadsq-41cwe - emei : e1zad-dsq-cxw1dsq-eza
2024-01-17 23:08:16,899 [INFO] main.views: root deleted router with sn: cwx-4eza1 - emei : sq1d-eza
2024-01-17 23:08:17,917 [INFO] main.views: root deleted router with sn: ezadsq-1eza - emei : ezad-dsqeza-1dsq
2024-01-17 23:08:19,120 [INFO] main.views: root deleted router with sn: dsq-1eza-1d - emei : d1sqeza
2024-01-17 23:08:19,448 [INFO] main.views: root deleted router with sn: dsq1-d1c1-ez1d - emei : eza1d-1-eza1dsq
2024-01-17 23:08:20,008 [INFO] main.views: root deleted router with sn: dsqcxw41d-1dsq - emei : 1dsq-1eza
2024-01-17 23:08:20,344 [INFO] main.views: root deleted router with sn: dsq-1dsq - emei : ezadsqeza
2024-01-17 23:08:20,683 [INFO] main.views: root deleted router with sn: cxw-dsq1eza- - emei : dq1eza
2024-01-17 23:08:22,124 [INFO] main.views: root deleted router with sn: dsqc-xw1eza - emei : 1dsq-eza
2024-01-17 23:08:22,700 [INFO] main.views: root deleted router with sn: dsq1-eza1dsq-eza1-dsqez - emei : d560-za0d-eza
2024-01-17 23:08:23,116 [INFO] main.views: root deleted router with sn: dsq1-eza1dsq-eza1 - emei : d560-za0d-eza
2024-01-17 23:08:23,612 [INFO] main.views: root deleted router with sn: eza-ds1q-eza1dsq-dsq - emei : eza1dsq-eza
2024-01-17 23:08:25,289 [INFO] main.views: root deleted router with sn: dsq15za-dsq21eza-ds1q-eza1d - emei : ezadsq4eza
2024-01-17 23:08:25,792 [INFO] main.views: root deleted router with sn: ezad-151eza-d1sqe - emei : eza51d61deza
2024-01-17 23:08:26,229 [INFO] main.views: root deleted router with sn: ezadsqezad - emei : ezadsq-dsq-eza4ds-azdsq
2024-01-17 23:08:28,576 [INFO] main.views: root deleted router with sn: eza1-s1ez1 - emei : e1zadsq
2024-01-17 23:08:28,986 [INFO] main.views: root deleted router with sn: eza-dsq1e-za1dsq-1 - emei : e1za-ds1q
2024-01-17 23:08:29,390 [INFO] main.views: root deleted router with sn: eza-dsq1-eza1dsq-ez - emei : e1za-dsq
2024-01-17 23:08:29,908 [INFO] main.views: root deleted router with sn: dsq41-cx1-eza - emei : e15sqeza-dsqeza
2024-01-17 23:08:31,753 [INFO] main.views: root deleted router with sn: ezad-e151ezad - emei : ezadsqeza
2024-01-17 23:08:32,325 [INFO] main.views: root deleted router with sn: dsq151-zea1dsq-e1za-d - emei : 1eza561ds
2024-01-17 23:10:04,233 [INFO] main.views: root deleted router with sn: dsq151-zea1dsq-e1za-d - emei : 1eza561ds
2024-01-17 23:10:04,337 [INFO] main.views: root deleted router with sn: ezad-e151ezad - emei : ezadsqeza
2024-01-17 23:10:05,033 [INFO] main.views: root deleted router with sn: ezadsqezad - emei : ezadsq-dsq-eza4ds-azdsq
2024-01-17 23:10:14,426 [INFO] main.views: root deleted router with sn: ezadsq-eza-dsq - emei : ezadsqeza
2024-01-17 23:10:14,829 [INFO] main.views: root deleted router with sn: ezadsq-41cwe - emei : e1zad-dsq-cxw1dsq-eza
2024-01-17 23:10:15,310 [INFO] main.views: root deleted router with sn: cwx-4eza1 - emei : sq1d-eza
2024-01-17 23:10:15,628 [INFO] main.views: root deleted router with sn: dsq41-cx1-eza - emei : e15sqeza-dsqeza
2024-01-17 23:10:15,954 [INFO] main.views: root deleted router with sn: ezadsq-1eza - emei : ezad-dsqeza-1dsq
2024-01-17 23:10:16,484 [INFO] main.views: root deleted router with sn: dsqc-xw1eza - emei : 1dsq-eza
2024-01-17 23:10:17,637 [INFO] main.views: root deleted router with sn: dsq1-d1c1-ez1d - emei : eza1d-1-eza1dsq
2024-01-17 23:10:18,271 [INFO] main.views: root deleted router with sn: dsq1-eza1dsq-eza1-dsqez - emei : d560-za0d-eza
2024-01-17 23:10:18,622 [INFO] main.views: root deleted router with sn: dsq1-eza1dsq-eza1 - emei : d560-za0d-eza
2024-01-17 23:10:19,080 [INFO] main.views: root deleted router with sn: eza-ds1q-eza1dsq-dsq - emei : eza1dsq-eza
2024-01-17 23:10:20,984 [INFO] main.views: root deleted router with sn: ezad-151eza-d1sqe - emei : eza51d61deza
2024-01-17 23:10:21,451 [INFO] main.views: root deleted router with sn: dsq15za-dsq21eza-ds1q-eza1d - emei : ezadsq4eza
2024-01-17 23:10:21,852 [INFO] main.views: root deleted router with sn: eza1-s1ez1 - emei : e1zadsq
2024-01-17 23:10:22,250 [INFO] main.views: root deleted router with sn: eza-dsq1e-za1dsq-1 - emei : e1za-ds1q
2024-01-17 23:10:22,586 [INFO] main.views: root deleted router with sn: eza-dsq1-eza1dsq-ez - emei : e1za-dsq
2024-01-17 23:10:23,995 [INFO] main.views: root deleted router with sn: dsq-1eza-1d - emei : d1sqeza
2024-01-17 23:10:24,267 [INFO] main.views: root deleted router with sn: dsqcxw41d-1dsq - emei : 1dsq-1eza
2024-01-17 23:10:24,697 [INFO] main.views: root deleted router with sn: dsq-1dsq - emei : ezadsqeza
2024-01-17 23:14:26,173 [INFO] main.views: root deleted router with sn: ezadsq-41cwe - emei : e1zad-dsq-cxw1dsq-eza
2024-01-17 23:14:26,252 [INFO] main.views: root deleted router with sn: cwx-4eza1 - emei : sq1d-eza
2024-01-17 23:14:26,856 [INFO] main.views: root deleted router with sn: ezadsq-eza-dsq - emei : ezadsqeza
2024-01-17 23:14:27,570 [INFO] main.views: root deleted router with sn: ezadsq-1eza - emei : ezad-dsqeza-1dsq
2024-01-17 23:14:28,088 [INFO] main.views: root deleted router with sn: dsq41-cx1-eza - emei : e15sqeza-dsqeza
